<?xml version="1.0" encoding="UTF-8"?>
<!-- Generated by org.testng.reporters.JUnitXMLReporter -->
<testsuite ignored="0" hostname="HP" failures="0" tests="10" name="Default test" time="13.373" errors="0" timestamp="2024-08-18T09:36:01 IST">
  <testcase classname="api.test.DDTests" name="testPostUser" time="2.499"/>
  <testcase classname="api.test.DDTests" name="testPostUser" time="1.045"/>
  <testcase classname="api.test.DDTests" name="testPostUser" time="0.98"/>
  <testcase classname="api.test.DDTests" name="testPostUser" time="1.078"/>
  <testcase classname="api.test.DDTests" name="testPostUser" time="1.077"/>
  <testcase classname="api.test.DDTests" name="testDeleteUserByName" time="1.127"/>
  <testcase classname="api.test.DDTests" name="testDeleteUserByName" time="1.074"/>
  <testcase classname="api.test.DDTests" name="testDeleteUserByName" time="1.051"/>
  <testcase classname="api.test.DDTests" name="testDeleteUserByName" time="1.129"/>
  <testcase classname="api.test.DDTests" name="testDeleteUserByName" time="1.071"/>
</testsuite> <!-- Default test -->
