<?xml version="1.0" encoding="UTF-8"?>
<testng-results ignored="0" total="4" passed="4" failed="0" skipped="0">
  <reporter-output>
  </reporter-output>
  <suite started-at="2024-08-18T11:41:44 IST" name="PetSuite" finished-at="2024-08-18T11:41:55 IST" duration-ms="10247">
    <groups>
    </groups>
    <test started-at="2024-08-18T11:41:44 IST" name="PetTest" finished-at="2024-08-18T11:41:55 IST" duration-ms="10247">
      <class name="api.test.UserTest">
        <test-method is-config="true" signature="setup()[pri:0, instance:api.test.UserTest@247310d0]" started-at="2024-08-18T11:41:45 IST" name="setup" finished-at="2024-08-18T11:41:45 IST" duration-ms="747" status="PASS">
          <reporter-output>
          </reporter-output>
        </test-method> <!-- setup -->
        <test-method signature="testCreateUser()[pri:1, instance:api.test.UserTest@247310d0]" started-at="2024-08-18T11:41:45 IST" name="testCreateUser" finished-at="2024-08-18T11:41:49 IST" duration-ms="3295" status="PASS">
          <reporter-output>
          </reporter-output>
        </test-method> <!-- testCreateUser -->
        <test-method signature="testGetUser()[pri:2, instance:api.test.UserTest@247310d0]" started-at="2024-08-18T11:41:49 IST" name="testGetUser" finished-at="2024-08-18T11:41:50 IST" duration-ms="1416" status="PASS">
          <reporter-output>
          </reporter-output>
        </test-method> <!-- testGetUser -->
        <test-method signature="testUpdateUser()[pri:3, instance:api.test.UserTest@247310d0]" started-at="2024-08-18T11:41:50 IST" name="testUpdateUser" finished-at="2024-08-18T11:41:53 IST" duration-ms="2959" status="PASS">
          <reporter-output>
          </reporter-output>
        </test-method> <!-- testUpdateUser -->
        <test-method signature="testDeleteUser()[pri:4, instance:api.test.UserTest@247310d0]" started-at="2024-08-18T11:41:53 IST" name="testDeleteUser" finished-at="2024-08-18T11:41:55 IST" duration-ms="1533" status="PASS">
          <reporter-output>
          </reporter-output>
        </test-method> <!-- testDeleteUser -->
      </class> <!-- api.test.UserTest -->
    </test> <!-- PetTest -->
  </suite> <!-- PetSuite -->
</testng-results>
